Arguments: 
  C:\nodejs\node.exe C:\Users\ideapad\AppData\Roaming\npm\node_modules\yarn\bin\yarn.js add @fontawesome/fontawesome-free

PATH: 
  C:\tools\ruby25\bin;C:\Users\ideapad\bin;C:\Gow\bin;C:\Python27\;C:\Python27\Scripts;C:\Program Files\Sublime Text 3;C:\PHP7;C:\WINDOWS\system32;C:\WINDOWS;C:\WINDOWS\System32\Wbem;C:\WINDOWS\System32\WindowsPowerShell\v1.0\;C:\ProgramData\ComposerSetup\bin;C:\nodejs\;C:\ProgramData\chocolatey\bin;C:\erl9.2\bin;C:\Program Files (x86)\Windows Kits\8.1\Windows Performance Toolkit\;C:\Elixir\bin;C:\Program Files\MariaDB 5.5\bin;C:\Program Files (x86)\WinSCP\;C:\Program Files (x86)\Calibre2\;C:\WINDOWS\System32\OpenSSH\;C:\Git\cmd;C:\Git\mingw64\bin;C:\Git\usr\bin;C:\Users\ideapad\.cargo\bin;C:\Ruby24-x64\bin;C:\Users\ideapad\AppData\Local\Microsoft\WindowsApps;C:\Users\ideapad\AppData\Roaming\Composer\vendor\bin;C:\Users\ideapad\AppData\Roaming\npm;

Yarn version: 
  1.3.2

Node version: 
  8.9.4

Platform: 
  win32 x64

npm manifest: 
  {
    "dependencies": {
      "bulma": "^0.7.2"
    }
  }

yarn manifest: 
  No manifest

Lockfile: 
  # THIS IS AN AUTOGENERATED FILE. DO NOT EDIT THIS FILE DIRECTLY.
  # yarn lockfile v1
  
  
  bulma@^0.7.2:
    version "0.7.2"
    resolved "https://registry.yarnpkg.com/bulma/-/bulma-0.7.2.tgz#8e944377b74c7926558830d38d8e19eaf49f5fb6"

Trace: 
  Error: https://registry.yarnpkg.com/@fontawesome%2ffontawesome-free: Not found
      at Request.params.callback [as _callback] (C:\Users\ideapad\AppData\Roaming\npm\node_modules\yarn\lib\cli.js:62098:18)
      at Request.self.callback (C:\Users\ideapad\AppData\Roaming\npm\node_modules\yarn\lib\cli.js:123085:22)
      at emitTwo (events.js:126:13)
      at Request.emit (events.js:214:7)
      at Request.<anonymous> (C:\Users\ideapad\AppData\Roaming\npm\node_modules\yarn\lib\cli.js:124068:10)
      at emitOne (events.js:116:13)
      at Request.emit (events.js:211:7)
      at IncomingMessage.<anonymous> (C:\Users\ideapad\AppData\Roaming\npm\node_modules\yarn\lib\cli.js:123988:12)
      at Object.onceWrapper (events.js:313:30)
      at emitNone (events.js:111:20)
